<?xml version="1.0" encoding="UTF-8"?>
<!-- Generated by org.testng.reporters.JUnitXMLReporter -->
<testsuite ignored="0" hostname="LAPTOP-K29UFT4A" failures="0" tests="4" name="Default test" time="22.743" errors="0" timestamp="2022-09-09T03:29:01 IST">
  <testcase classname="pra.Para" name="Exec" time="6.231"/>
  <testcase classname="pra.Para" name="Exec" time="4.967"/>
  <testcase classname="pra.Para" name="radio" time="4.048"/>
  <testcase classname="pra.Para" name="check" time="4.035"/>
</testsuite> <!-- Default test -->
