<?xml version="1.0" encoding="UTF-8"?>
<testng-results ignored="0" total="4" passed="4" failed="0" skipped="0">
  <reporter-output>
  </reporter-output>
  <suite started-at="2022-09-09T03:28:38 IST" name="Default suite" finished-at="2022-09-09T03:29:01 IST" duration-ms="22743">
    <groups>
    </groups>
    <test started-at="2022-09-09T03:28:38 IST" name="Default test" finished-at="2022-09-09T03:29:01 IST" duration-ms="22743">
      <class name="pra.Para">
        <test-method is-config="true" signature="Setup()[pri:0, instance:pra.Para@51cd7ffc]" started-at="2022-09-09T03:28:38 IST" name="Setup" finished-at="2022-09-09T03:28:42 IST" duration-ms="3435" status="PASS">
          <reporter-output>
          </reporter-output>
        </test-method> <!-- Setup -->
        <test-method signature="Exec(java.lang.String,java.lang.String)[pri:0, instance:pra.Para@51cd7ffc]" started-at="2022-09-09T03:28:42 IST" name="Exec" data-provider="val" finished-at="2022-09-09T03:28:48 IST" duration-ms="6231" status="PASS">
          <params>
            <param index="0">
              <value>
                <![CDATA[v]]>
              </value>
            </param>
            <param index="1">
              <value>
                <![CDATA[i]]>
              </value>
            </param>
          </params>
          <reporter-output>
          </reporter-output>
        </test-method> <!-- Exec -->
        <test-method signature="Exec(java.lang.String,java.lang.String)[pri:0, instance:pra.Para@51cd7ffc]" started-at="2022-09-09T03:28:48 IST" name="Exec" data-provider="val" finished-at="2022-09-09T03:28:53 IST" duration-ms="4967" status="PASS">
          <params>
            <param index="0">
              <value>
                <![CDATA[r]]>
              </value>
            </param>
            <param index="1">
              <value>
                <![CDATA[a]]>
              </value>
            </param>
          </params>
          <reporter-output>
          </reporter-output>
        </test-method> <!-- Exec -->
        <test-method signature="radio()[pri:0, instance:pra.Para@51cd7ffc]" started-at="2022-09-09T03:28:53 IST" name="radio" finished-at="2022-09-09T03:28:57 IST" duration-ms="4048" status="PASS">
          <reporter-output>
          </reporter-output>
        </test-method> <!-- radio -->
        <test-method signature="check()[pri:6, instance:pra.Para@51cd7ffc]" started-at="2022-09-09T03:28:57 IST" name="check" finished-at="2022-09-09T03:29:01 IST" duration-ms="4035" status="PASS">
          <reporter-output>
          </reporter-output>
        </test-method> <!-- check -->
      </class> <!-- pra.Para -->
    </test> <!-- Default test -->
  </suite> <!-- Default suite -->
</testng-results>
